<?xml version="1.0" encoding="UTF-8"?>
<testng-results ignored="0" total="1" passed="1" failed="0" skipped="0">
  <reporter-output>
  </reporter-output>
  <suite started-at="2023-11-09T06:44:39 IST" name="Default suite" finished-at="2023-11-09T06:45:40 IST" duration-ms="60090">
    <groups>
    </groups>
    <test started-at="2023-11-09T06:44:39 IST" name="Default test" finished-at="2023-11-09T06:45:40 IST" duration-ms="60090">
      <class name="seleniumtasks.Brokenlinkstask1">
        <test-method signature="main()[pri:0, instance:seleniumtasks.Brokenlinkstask1@5876a9af]" started-at="2023-11-09T06:44:40 IST" name="main" finished-at="2023-11-09T06:45:40 IST" duration-ms="60030" status="PASS">
          <reporter-output>
          </reporter-output>
        </test-method> <!-- main -->
      </class> <!-- seleniumtasks.Brokenlinkstask1 -->
    </test> <!-- Default test -->
  </suite> <!-- Default suite -->
</testng-results>
